Performing C SOURCE FILE Test CMAKE_HAVE_LIBC_PTHREAD failed with the following output:
Change Dir: /home/peidong/Documents/MyCode/MBA-VO/build/CMakeFiles/CMakeTmp

Run Build Command(s):/usr/bin/make cmTC_6a858/fast && /usr/bin/make -f CMakeFiles/cmTC_6a858.dir/build.make CMakeFiles/cmTC_6a858.dir/build
make[1]: Entering directory '/home/peidong/Documents/MyCode/MBA-VO/build/CMakeFiles/CMakeTmp'
Building C object CMakeFiles/cmTC_6a858.dir/src.c.o
/usr/bin/cc   -fPIC -DCMAKE_HAVE_LIBC_PTHREAD   -o CMakeFiles/cmTC_6a858.dir/src.c.o   -c /home/peidong/Documents/MyCode/MBA-VO/build/CMakeFiles/CMakeTmp/src.c
Linking C executable cmTC_6a858
/usr/bin/cmake -E cmake_link_script CMakeFiles/cmTC_6a858.dir/link.txt --verbose=1
/usr/bin/cc -fPIC -DCMAKE_HAVE_LIBC_PTHREAD    CMakeFiles/cmTC_6a858.dir/src.c.o  -o cmTC_6a858 
/usr/bin/ld: CMakeFiles/cmTC_6a858.dir/src.c.o: in function `main':
src.c:(.text+0x3e): undefined reference to `pthread_create'
/usr/bin/ld: src.c:(.text+0x4a): undefined reference to `pthread_detach'
/usr/bin/ld: src.c:(.text+0x5b): undefined reference to `pthread_join'
collect2: error: ld returned 1 exit status
make[1]: *** [CMakeFiles/cmTC_6a858.dir/build.make:87: cmTC_6a858] Error 1
make[1]: Leaving directory '/home/peidong/Documents/MyCode/MBA-VO/build/CMakeFiles/CMakeTmp'
make: *** [Makefile:121: cmTC_6a858/fast] Error 2


Source file was:
#include <pthread.h>

void* test_func(void* data)
{
  return data;
}

int main(void)
{
  pthread_t thread;
  pthread_create(&thread, NULL, test_func, NULL);
  pthread_detach(thread);
  pthread_join(thread, NULL);
  pthread_atfork(NULL, NULL, NULL);
  pthread_exit(NULL);

  return 0;
}

Determining if the function pthread_create exists in the pthreads failed with the following output:
Change Dir: /home/peidong/Documents/MyCode/MBA-VO/build/CMakeFiles/CMakeTmp

Run Build Command(s):/usr/bin/make cmTC_5c80d/fast && /usr/bin/make -f CMakeFiles/cmTC_5c80d.dir/build.make CMakeFiles/cmTC_5c80d.dir/build
make[1]: Entering directory '/home/peidong/Documents/MyCode/MBA-VO/build/CMakeFiles/CMakeTmp'
Building C object CMakeFiles/cmTC_5c80d.dir/CheckFunctionExists.c.o
/usr/bin/cc   -fPIC -DCHECK_FUNCTION_EXISTS=pthread_create   -o CMakeFiles/cmTC_5c80d.dir/CheckFunctionExists.c.o   -c /usr/share/cmake-3.16/Modules/CheckFunctionExists.c
Linking C executable cmTC_5c80d
/usr/bin/cmake -E cmake_link_script CMakeFiles/cmTC_5c80d.dir/link.txt --verbose=1
/usr/bin/cc -fPIC -DCHECK_FUNCTION_EXISTS=pthread_create    CMakeFiles/cmTC_5c80d.dir/CheckFunctionExists.c.o  -o cmTC_5c80d  -lpthreads 
/usr/bin/ld: cannot find -lpthreads
collect2: error: ld returned 1 exit status
make[1]: *** [CMakeFiles/cmTC_5c80d.dir/build.make:87: cmTC_5c80d] Error 1
make[1]: Leaving directory '/home/peidong/Documents/MyCode/MBA-VO/build/CMakeFiles/CMakeTmp'
make: *** [Makefile:121: cmTC_5c80d/fast] Error 2



